{"level":"info","message":"Server is running on port http://localhost:4000"}
{"level":"info","message":"Server is running on port http://localhost:4000"}
{"level":"info","message":"Connected to MongoDB Successfully"}
{"level":"info","message":"Server is running on port http://localhost:4000"}
{"level":"info","message":"Connected to MongoDB Successfully"}
{"level":"info","message":"Server is running on port http://localhost:4000"}
{"level":"info","message":"Connected to MongoDB Successfully"}
{"level":"info","message":"Server is running on port http://localhost:4000"}
{"level":"info","message":"Connected to MongoDB Successfully"}
{"level":"info","message":"Connected to MongoDB Successfully"}
{"level":"info","message":"Connected to MongoDB Successfully"}
{"level":"info","message":"Disconnected from MongoDB Successfully"}
{"level":"info","message":"Connected to MongoDB Successfully"}
{"level":"info","message":"Disconnected from MongoDB Successfully"}
{"level":"info","message":"Connected to MongoDB Successfully"}
{"level":"info","message":"Disconnected from MongoDB Successfully"}
{"level":"info","message":"Connected to MongoDB Successfully"}
{"level":"info","message":"Disconnected from MongoDB Successfully"}
{"level":"info","message":"Connected to MongoDB Successfully"}
{"level":"info","message":"Disconnected from MongoDB Successfully"}
{"level":"info","message":"Connected to MongoDB Successfully"}
{"level":"info","message":"Disconnected from MongoDB Successfully"}
{"level":"info","message":"Connected to MongoDB Successfully"}
{"level":"info","message":"Disconnected from MongoDB Successfully"}
{"level":"info","message":"Connected to MongoDB Successfully"}
{"level":"info","message":"Disconnected from MongoDB Successfully"}
{"level":"info","message":"Connected to MongoDB Successfully"}
{"level":"info","message":"Disconnected from MongoDB Successfully"}
{"level":"info","message":"Connected to MongoDB Successfully"}
{"level":"info","message":"Disconnected from MongoDB Successfully"}
{"level":"info","message":"Connected to MongoDB Successfully"}
{"level":"info","message":"Disconnected from MongoDB Successfully"}
{"level":"info","message":"Connected to MongoDB Successfully"}
{"level":"info","message":"Disconnected from MongoDB Successfully"}
{"level":"info","message":"Connected to MongoDB Successfully"}
{"level":"info","message":"Disconnected from MongoDB Successfully"}
{"level":"info","message":"Connected to MongoDB Successfully"}
{"level":"info","message":"Disconnected from MongoDB Successfully"}
{"level":"info","message":"Connected to MongoDB Successfully"}
{"level":"info","message":"Disconnected from MongoDB Successfully"}
{"level":"info","message":"Server is running on port http://localhost:4000"}
{"level":"info","message":"Connected to MongoDB Successfully"}
{"level":"info","message":"Server is running on port http://localhost:4000"}
{"level":"info","message":"Connected to MongoDB Successfully"}
{"level":"info","message":"Server is running on port http://localhost:4000"}
{"level":"info","message":"Connected to MongoDB Successfully"}
{"level":"info","message":"Connected to MongoDB Successfully"}
{"level":"info","message":"Connected to MongoDB Successfully"}
{"level":"info","message":"Connected to MongoDB Successfully"}
{"level":"info","message":"Connected to MongoDB Successfully"}
{"level":"info","message":"Connected to MongoDB Successfully"}
{"level":"info","message":"Connected to MongoDB Successfully"}
{"level":"info","message":"Connected to MongoDB Successfully"}
{"level":"info","message":"Connected to MongoDB Successfully"}
{"level":"info","message":"Connected to MongoDB Successfully"}
{"level":"info","message":"Connected to MongoDB Successfully"}
{"level":"info","message":"Connected to MongoDB Successfully"}
{"level":"info","message":"Connected to MongoDB Successfully"}
{"level":"info","message":"Connected to MongoDB Successfully"}
{"level":"info","message":"Connected to MongoDB Successfully"}
{"level":"info","message":"Connected to MongoDB Successfully"}
{"level":"info","message":"Disconnected from MongoDB Successfully"}
{"level":"info","message":"Connected to MongoDB Successfully"}
{"level":"info","message":"Connected to MongoDB Successfully"}
{"level":"info","message":"Connected to MongoDB Successfully"}
{"level":"info","message":"Connected to MongoDB Successfully"}
{"level":"info","message":"Disconnected from MongoDB Successfully"}
{"level":"info","message":"Connected to MongoDB Successfully"}
{"level":"info","message":"Connected to MongoDB Successfully"}
{"level":"info","message":"Disconnected from MongoDB Successfully"}
{"level":"info","message":"Connected to MongoDB Successfully"}
{"level":"info","message":"Disconnected from MongoDB Successfully"}
{"level":"info","message":"Connected to MongoDB Successfully"}
{"level":"info","message":"Connected to MongoDB Successfully"}
{"level":"info","message":"Disconnected from MongoDB Successfully"}
{"level":"info","message":"Connected to MongoDB Successfully"}
{"level":"info","message":"Disconnected from MongoDB Successfully"}
{"level":"info","message":"Connected to MongoDB Successfully"}
{"level":"info","message":"Disconnected from MongoDB Successfully"}
{"level":"info","message":"Connected to MongoDB Successfully"}
{"level":"info","message":"Disconnected from MongoDB Successfully"}
{"level":"info","message":"Connected to MongoDB Successfully"}
{"level":"info","message":"Disconnected from MongoDB Successfully"}
{"level":"info","message":"Connected to MongoDB Successfully"}
{"level":"info","message":"Disconnected from MongoDB Successfully"}
{"level":"info","message":"Connected to MongoDB Successfully"}
{"level":"info","message":"Connected to MongoDB Successfully"}
{"level":"info","message":"Server is running on port http://localhost:4000"}
{"level":"info","message":"Connected to MongoDB Successfully"}
{"level":"info","message":"Server is running on port http://localhost:4000"}
{"level":"info","message":"Connected to MongoDB Successfully"}
{"level":"info","message":"Server is running on port http://localhost:4000"}
{"level":"info","message":"Connected to MongoDB Successfully"}
{"level":"info","message":"Server is running on port http://localhost:4000"}
{"level":"info","message":"Connected to MongoDB Successfully"}
{"level":"info","message":"Connected to MongoDB Successfully"}
{"level":"info","message":"Server is running on port http://localhost:4000"}
{"level":"info","message":"Connected to MongoDB Successfully"}
{"level":"info","message":"Server is running on port http://localhost:4000"}
{"level":"info","message":"Connected to MongoDB Successfully"}
{"level":"info","message":"Server is running on port http://localhost:4000"}
{"level":"info","message":"Connected to MongoDB Successfully"}
{"level":"info","message":"Server is running on port http://localhost:4000"}
{"level":"info","message":"Connected to MongoDB Successfully"}
{"contentLength":"48","level":"info","message":"HTTP Access Log","method":"GET","responseTime":5.54,"status":200,"timestamp":"Tue Feb 14 2023 09:00:15 GMT+0100 (West Africa Standard Time)","url":"/"}
{"contentLength":"64","level":"info","message":"HTTP Access Log","method":"POST","responseTime":90.523,"status":400,"timestamp":"Tue Feb 14 2023 09:01:03 GMT+0100 (West Africa Standard Time)","url":"/signup"}
{"level":"info","message":"Server is running on port http://localhost:4000"}
{"level":"info","message":"Connected to MongoDB Successfully"}
{"level":"info","message":"Server is running on port http://localhost:4000"}
{"level":"info","message":"Connected to MongoDB Successfully"}
{"date":"Tue Feb 14 2023 09:20:26 GMT+0100 (West Africa Standard Time)","error":{},"exception":true,"level":"error","message":"uncaughtException: logger is not defined\nReferenceError: logger is not defined\n    at Server.<anonymous> (C:\\Users\\Rotimi\\Documents\\Coding\\Altschool\\blogging_api\\index.js:11:3)\n    at Object.onceWrapper (node:events:627:28)\n    at Server.emit (node:events:513:28)\n    at emitListeningNT (node:net:1519:10)\n    at process.processTicksAndRejections (node:internal/process/task_queues:81:21)","os":{"loadavg":[0,0,0],"uptime":315073},"process":{"argv":["C:\\Program Files\\nodejs\\node.exe","C:\\Users\\Rotimi\\Documents\\Coding\\Altschool\\blogging_api\\index.js"],"cwd":"C:\\Users\\Rotimi\\Documents\\Coding\\Altschool\\blogging_api","execPath":"C:\\Program Files\\nodejs\\node.exe","gid":null,"memoryUsage":{"arrayBuffers":18648715,"external":19747818,"heapTotal":61132800,"heapUsed":37154128,"rss":87363584},"pid":12536,"uid":null,"version":"v18.12.1"},"stack":"ReferenceError: logger is not defined\n    at Server.<anonymous> (C:\\Users\\Rotimi\\Documents\\Coding\\Altschool\\blogging_api\\index.js:11:3)\n    at Object.onceWrapper (node:events:627:28)\n    at Server.emit (node:events:513:28)\n    at emitListeningNT (node:net:1519:10)\n    at process.processTicksAndRejections (node:internal/process/task_queues:81:21)","trace":[{"column":3,"file":"C:\\Users\\Rotimi\\Documents\\Coding\\Altschool\\blogging_api\\index.js","function":null,"line":11,"method":null,"native":false},{"column":28,"file":"node:events","function":"Object.onceWrapper","line":627,"method":"onceWrapper","native":false},{"column":28,"file":"node:events","function":"Server.emit","line":513,"method":"emit","native":false},{"column":10,"file":"node:net","function":"emitListeningNT","line":1519,"method":null,"native":false},{"column":21,"file":"node:internal/process/task_queues","function":"process.processTicksAndRejections","line":81,"method":"processTicksAndRejections","native":false}]}
{"level":"info","message":"Connected to MongoDB Successfully"}
{"level":"info","message":"Connected to MongoDB Successfully"}
